2024-03-10 18:09:42.215 ERROR s.d.s.readers.operation.OperationHttpMethodReader :52   [32m                  [0;39m Invalid http method: PostValid ones are [[Lorg.springframework.web.bind.annotation.RequestMethod;@34ddc1b8]
java.lang.IllegalArgumentException: No enum constant org.springframework.web.bind.annotation.RequestMethod.Post
	at java.lang.Enum.valueOf(Enum.java:238)
	at org.springframework.web.bind.annotation.RequestMethod.valueOf(RequestMethod.java:35)
	at springfox.documentation.swagger.readers.operation.OperationHttpMethodReader.apply(OperationHttpMethodReader.java:49)
	at springfox.documentation.spring.web.plugins.DocumentationPluginsManager.operation(DocumentationPluginsManager.java:123)
	at springfox.documentation.spring.web.readers.operation.ApiOperationReader.read(ApiOperationReader.java:73)
	at springfox.documentation.spring.web.scanners.CachingOperationReader$1.load(CachingOperationReader.java:50)
	at springfox.documentation.spring.web.scanners.CachingOperationReader$1.load(CachingOperationReader.java:48)
	at com.google.common.cache.LocalCache$LoadingValueReference.loadFuture(LocalCache.java:3527)
	at com.google.common.cache.LocalCache$Segment.loadSync(LocalCache.java:2319)
	at com.google.common.cache.LocalCache$Segment.lockedGetOrLoad(LocalCache.java:2282)
	at com.google.common.cache.LocalCache$Segment.get(LocalCache.java:2197)
	at com.google.common.cache.LocalCache.get(LocalCache.java:3937)
	at com.google.common.cache.LocalCache.getOrLoad(LocalCache.java:3941)
	at com.google.common.cache.LocalCache$LocalLoadingCache.get(LocalCache.java:4824)
	at com.google.common.cache.LocalCache$LocalLoadingCache.getUnchecked(LocalCache.java:4830)
	at springfox.documentation.spring.web.scanners.CachingOperationReader.read(CachingOperationReader.java:57)
	at springfox.documentation.spring.web.scanners.ApiDescriptionReader.read(ApiDescriptionReader.java:66)
	at springfox.documentation.spring.web.scanners.ApiListingScanner.scan(ApiListingScanner.java:89)
	at springfox.documentation.spring.web.scanners.ApiDocumentationScanner.scan(ApiDocumentationScanner.java:70)
	at springfox.documentation.spring.web.plugins.DocumentationPluginsBootstrapper.scanDocumentation(DocumentationPluginsBootstrapper.java:85)
	at springfox.documentation.spring.web.plugins.DocumentationPluginsBootstrapper.start(DocumentationPluginsBootstrapper.java:127)
	at org.springframework.context.support.DefaultLifecycleProcessor.doStart(DefaultLifecycleProcessor.java:178)
	at org.springframework.context.support.DefaultLifecycleProcessor.access$200(DefaultLifecycleProcessor.java:54)
	at org.springframework.context.support.DefaultLifecycleProcessor$LifecycleGroup.start(DefaultLifecycleProcessor.java:356)
	at java.lang.Iterable.forEach(Iterable.java:75)
	at org.springframework.context.support.DefaultLifecycleProcessor.startBeans(DefaultLifecycleProcessor.java:155)
	at org.springframework.context.support.DefaultLifecycleProcessor.onRefresh(DefaultLifecycleProcessor.java:123)
	at org.springframework.context.support.AbstractApplicationContext.finishRefresh(AbstractApplicationContext.java:942)
	at org.springframework.context.support.AbstractApplicationContext.refresh(AbstractApplicationContext.java:591)
	at org.springframework.boot.web.servlet.context.ServletWebServerApplicationContext.refresh(ServletWebServerApplicationContext.java:144)
	at org.springframework.boot.SpringApplication.refresh(SpringApplication.java:767)
	at org.springframework.boot.SpringApplication.refresh(SpringApplication.java:759)
	at org.springframework.boot.SpringApplication.refreshContext(SpringApplication.java:426)
	at org.springframework.boot.SpringApplication.run(SpringApplication.java:326)
	at com.tailai.mywiki.config.MywikiApplication.main(MywikiApplication.java:20)
	at sun.reflect.NativeMethodAccessorImpl.invoke0(Native Method)
	at sun.reflect.NativeMethodAccessorImpl.invoke(NativeMethodAccessorImpl.java:62)
	at sun.reflect.DelegatingMethodAccessorImpl.invoke(DelegatingMethodAccessorImpl.java:43)
	at java.lang.reflect.Method.invoke(Method.java:498)
	at org.springframework.boot.devtools.restart.RestartLauncher.run(RestartLauncher.java:49)
2024-03-10 19:16:29.392 ERROR s.d.s.readers.operation.OperationHttpMethodReader :52   [32m                  [0;39m Invalid http method: PostValid ones are [[Lorg.springframework.web.bind.annotation.RequestMethod;@2288297b]
java.lang.IllegalArgumentException: No enum constant org.springframework.web.bind.annotation.RequestMethod.Post
	at java.lang.Enum.valueOf(Enum.java:238)
	at org.springframework.web.bind.annotation.RequestMethod.valueOf(RequestMethod.java:35)
	at springfox.documentation.swagger.readers.operation.OperationHttpMethodReader.apply(OperationHttpMethodReader.java:49)
	at springfox.documentation.spring.web.plugins.DocumentationPluginsManager.operation(DocumentationPluginsManager.java:123)
	at springfox.documentation.spring.web.readers.operation.ApiOperationReader.read(ApiOperationReader.java:73)
	at springfox.documentation.spring.web.scanners.CachingOperationReader$1.load(CachingOperationReader.java:50)
	at springfox.documentation.spring.web.scanners.CachingOperationReader$1.load(CachingOperationReader.java:48)
	at com.google.common.cache.LocalCache$LoadingValueReference.loadFuture(LocalCache.java:3527)
	at com.google.common.cache.LocalCache$Segment.loadSync(LocalCache.java:2319)
	at com.google.common.cache.LocalCache$Segment.lockedGetOrLoad(LocalCache.java:2282)
	at com.google.common.cache.LocalCache$Segment.get(LocalCache.java:2197)
	at com.google.common.cache.LocalCache.get(LocalCache.java:3937)
	at com.google.common.cache.LocalCache.getOrLoad(LocalCache.java:3941)
	at com.google.common.cache.LocalCache$LocalLoadingCache.get(LocalCache.java:4824)
	at com.google.common.cache.LocalCache$LocalLoadingCache.getUnchecked(LocalCache.java:4830)
	at springfox.documentation.spring.web.scanners.CachingOperationReader.read(CachingOperationReader.java:57)
	at springfox.documentation.spring.web.scanners.ApiDescriptionReader.read(ApiDescriptionReader.java:66)
	at springfox.documentation.spring.web.scanners.ApiListingScanner.scan(ApiListingScanner.java:89)
	at springfox.documentation.spring.web.scanners.ApiDocumentationScanner.scan(ApiDocumentationScanner.java:70)
	at springfox.documentation.spring.web.plugins.DocumentationPluginsBootstrapper.scanDocumentation(DocumentationPluginsBootstrapper.java:85)
	at springfox.documentation.spring.web.plugins.DocumentationPluginsBootstrapper.start(DocumentationPluginsBootstrapper.java:127)
	at org.springframework.context.support.DefaultLifecycleProcessor.doStart(DefaultLifecycleProcessor.java:178)
	at org.springframework.context.support.DefaultLifecycleProcessor.access$200(DefaultLifecycleProcessor.java:54)
	at org.springframework.context.support.DefaultLifecycleProcessor$LifecycleGroup.start(DefaultLifecycleProcessor.java:356)
	at java.lang.Iterable.forEach(Iterable.java:75)
	at org.springframework.context.support.DefaultLifecycleProcessor.startBeans(DefaultLifecycleProcessor.java:155)
	at org.springframework.context.support.DefaultLifecycleProcessor.onRefresh(DefaultLifecycleProcessor.java:123)
	at org.springframework.context.support.AbstractApplicationContext.finishRefresh(AbstractApplicationContext.java:942)
	at org.springframework.context.support.AbstractApplicationContext.refresh(AbstractApplicationContext.java:591)
	at org.springframework.boot.web.servlet.context.ServletWebServerApplicationContext.refresh(ServletWebServerApplicationContext.java:144)
	at org.springframework.boot.SpringApplication.refresh(SpringApplication.java:767)
	at org.springframework.boot.SpringApplication.refresh(SpringApplication.java:759)
	at org.springframework.boot.SpringApplication.refreshContext(SpringApplication.java:426)
	at org.springframework.boot.SpringApplication.run(SpringApplication.java:326)
	at com.tailai.mywiki.config.MywikiApplication.main(MywikiApplication.java:20)
	at sun.reflect.NativeMethodAccessorImpl.invoke0(Native Method)
	at sun.reflect.NativeMethodAccessorImpl.invoke(NativeMethodAccessorImpl.java:62)
	at sun.reflect.DelegatingMethodAccessorImpl.invoke(DelegatingMethodAccessorImpl.java:43)
	at java.lang.reflect.Method.invoke(Method.java:498)
	at org.springframework.boot.devtools.restart.RestartLauncher.run(RestartLauncher.java:49)
2024-03-10 20:46:39.594 ERROR s.d.s.readers.operation.OperationHttpMethodReader :52   [32m                  [0;39m Invalid http method: PostValid ones are [[Lorg.springframework.web.bind.annotation.RequestMethod;@1bfb0bc4]
java.lang.IllegalArgumentException: No enum constant org.springframework.web.bind.annotation.RequestMethod.Post
	at java.lang.Enum.valueOf(Enum.java:238)
	at org.springframework.web.bind.annotation.RequestMethod.valueOf(RequestMethod.java:35)
	at springfox.documentation.swagger.readers.operation.OperationHttpMethodReader.apply(OperationHttpMethodReader.java:49)
	at springfox.documentation.spring.web.plugins.DocumentationPluginsManager.operation(DocumentationPluginsManager.java:123)
	at springfox.documentation.spring.web.readers.operation.ApiOperationReader.read(ApiOperationReader.java:73)
	at springfox.documentation.spring.web.scanners.CachingOperationReader$1.load(CachingOperationReader.java:50)
	at springfox.documentation.spring.web.scanners.CachingOperationReader$1.load(CachingOperationReader.java:48)
	at com.google.common.cache.LocalCache$LoadingValueReference.loadFuture(LocalCache.java:3527)
	at com.google.common.cache.LocalCache$Segment.loadSync(LocalCache.java:2319)
	at com.google.common.cache.LocalCache$Segment.lockedGetOrLoad(LocalCache.java:2282)
	at com.google.common.cache.LocalCache$Segment.get(LocalCache.java:2197)
	at com.google.common.cache.LocalCache.get(LocalCache.java:3937)
	at com.google.common.cache.LocalCache.getOrLoad(LocalCache.java:3941)
	at com.google.common.cache.LocalCache$LocalLoadingCache.get(LocalCache.java:4824)
	at com.google.common.cache.LocalCache$LocalLoadingCache.getUnchecked(LocalCache.java:4830)
	at springfox.documentation.spring.web.scanners.CachingOperationReader.read(CachingOperationReader.java:57)
	at springfox.documentation.spring.web.scanners.ApiDescriptionReader.read(ApiDescriptionReader.java:66)
	at springfox.documentation.spring.web.scanners.ApiListingScanner.scan(ApiListingScanner.java:89)
	at springfox.documentation.spring.web.scanners.ApiDocumentationScanner.scan(ApiDocumentationScanner.java:70)
	at springfox.documentation.spring.web.plugins.DocumentationPluginsBootstrapper.scanDocumentation(DocumentationPluginsBootstrapper.java:85)
	at springfox.documentation.spring.web.plugins.DocumentationPluginsBootstrapper.start(DocumentationPluginsBootstrapper.java:127)
	at org.springframework.context.support.DefaultLifecycleProcessor.doStart(DefaultLifecycleProcessor.java:178)
	at org.springframework.context.support.DefaultLifecycleProcessor.access$200(DefaultLifecycleProcessor.java:54)
	at org.springframework.context.support.DefaultLifecycleProcessor$LifecycleGroup.start(DefaultLifecycleProcessor.java:356)
	at java.lang.Iterable.forEach(Iterable.java:75)
	at org.springframework.context.support.DefaultLifecycleProcessor.startBeans(DefaultLifecycleProcessor.java:155)
	at org.springframework.context.support.DefaultLifecycleProcessor.onRefresh(DefaultLifecycleProcessor.java:123)
	at org.springframework.context.support.AbstractApplicationContext.finishRefresh(AbstractApplicationContext.java:942)
	at org.springframework.context.support.AbstractApplicationContext.refresh(AbstractApplicationContext.java:591)
	at org.springframework.boot.web.servlet.context.ServletWebServerApplicationContext.refresh(ServletWebServerApplicationContext.java:144)
	at org.springframework.boot.SpringApplication.refresh(SpringApplication.java:767)
	at org.springframework.boot.SpringApplication.refresh(SpringApplication.java:759)
	at org.springframework.boot.SpringApplication.refreshContext(SpringApplication.java:426)
	at org.springframework.boot.SpringApplication.run(SpringApplication.java:326)
	at com.tailai.mywiki.config.MywikiApplication.main(MywikiApplication.java:20)
	at sun.reflect.NativeMethodAccessorImpl.invoke0(Native Method)
	at sun.reflect.NativeMethodAccessorImpl.invoke(NativeMethodAccessorImpl.java:62)
	at sun.reflect.DelegatingMethodAccessorImpl.invoke(DelegatingMethodAccessorImpl.java:43)
	at java.lang.reflect.Method.invoke(Method.java:498)
	at org.springframework.boot.devtools.restart.RestartLauncher.run(RestartLauncher.java:49)
2024-03-10 20:55:12.700 ERROR org.springframework.boot.SpringApplication        :856  [32m                  [0;39m Application run failed
org.springframework.beans.factory.BeanCreationException: Error creating bean with name 'redisConnectionFactory' defined in class path resource [org/springframework/boot/autoconfigure/data/redis/LettuceConnectionConfiguration.class]: Bean instantiation via factory method failed; nested exception is org.springframework.beans.BeanInstantiationException: Failed to instantiate [org.springframework.data.redis.connection.lettuce.LettuceConnectionFactory]: Factory method 'redisConnectionFactory' threw exception; nested exception is java.lang.NoClassDefFoundError: org/apache/commons/pool2/impl/GenericObjectPoolConfig
	at org.springframework.beans.factory.support.ConstructorResolver.instantiate(ConstructorResolver.java:656)
	at org.springframework.beans.factory.support.ConstructorResolver.instantiateUsingFactoryMethod(ConstructorResolver.java:636)
	at org.springframework.beans.factory.support.AbstractAutowireCapableBeanFactory.instantiateUsingFactoryMethod(AbstractAutowireCapableBeanFactory.java:1336)
	at org.springframework.beans.factory.support.AbstractAutowireCapableBeanFactory.createBeanInstance(AbstractAutowireCapableBeanFactory.java:1179)
	at org.springframework.beans.factory.support.AbstractAutowireCapableBeanFactory.doCreateBean(AbstractAutowireCapableBeanFactory.java:571)
	at org.springframework.beans.factory.support.AbstractAutowireCapableBeanFactory.createBean(AbstractAutowireCapableBeanFactory.java:531)
	at org.springframework.beans.factory.support.AbstractBeanFactory.lambda$doGetBean$0(AbstractBeanFactory.java:335)
	at org.springframework.beans.factory.support.DefaultSingletonBeanRegistry.getSingleton(DefaultSingletonBeanRegistry.java:234)
	at org.springframework.beans.factory.support.AbstractBeanFactory.doGetBean(AbstractBeanFactory.java:333)
	at org.springframework.beans.factory.support.AbstractBeanFactory.getBean(AbstractBeanFactory.java:208)
	at org.springframework.beans.factory.support.DefaultListableBeanFactory.preInstantiateSingletons(DefaultListableBeanFactory.java:944)
	at org.springframework.context.support.AbstractApplicationContext.finishBeanFactoryInitialization(AbstractApplicationContext.java:925)
	at org.springframework.context.support.AbstractApplicationContext.refresh(AbstractApplicationContext.java:588)
	at org.springframework.boot.web.servlet.context.ServletWebServerApplicationContext.refresh(ServletWebServerApplicationContext.java:144)
	at org.springframework.boot.SpringApplication.refresh(SpringApplication.java:767)
	at org.springframework.boot.SpringApplication.refresh(SpringApplication.java:759)
	at org.springframework.boot.SpringApplication.refreshContext(SpringApplication.java:426)
	at org.springframework.boot.SpringApplication.run(SpringApplication.java:326)
	at com.tailai.mywiki.config.MywikiApplication.main(MywikiApplication.java:20)
	at sun.reflect.NativeMethodAccessorImpl.invoke0(Native Method)
	at sun.reflect.NativeMethodAccessorImpl.invoke(NativeMethodAccessorImpl.java:62)
	at sun.reflect.DelegatingMethodAccessorImpl.invoke(DelegatingMethodAccessorImpl.java:43)
	at java.lang.reflect.Method.invoke(Method.java:498)
	at org.springframework.boot.devtools.restart.RestartLauncher.run(RestartLauncher.java:49)
Caused by: org.springframework.beans.BeanInstantiationException: Failed to instantiate [org.springframework.data.redis.connection.lettuce.LettuceConnectionFactory]: Factory method 'redisConnectionFactory' threw exception; nested exception is java.lang.NoClassDefFoundError: org/apache/commons/pool2/impl/GenericObjectPoolConfig
	at org.springframework.beans.factory.support.SimpleInstantiationStrategy.instantiate(SimpleInstantiationStrategy.java:185)
	at org.springframework.beans.factory.support.ConstructorResolver.instantiate(ConstructorResolver.java:651)
	... 23 common frames omitted
Caused by: java.lang.NoClassDefFoundError: org/apache/commons/pool2/impl/GenericObjectPoolConfig
	at org.springframework.data.redis.connection.lettuce.LettucePoolingClientConfiguration$LettucePoolingClientConfigurationBuilder.<init>(LettucePoolingClientConfiguration.java:94)
	at org.springframework.data.redis.connection.lettuce.LettucePoolingClientConfiguration.builder(LettucePoolingClientConfiguration.java:51)
	at org.springframework.boot.autoconfigure.data.redis.LettuceConnectionConfiguration$PoolBuilderFactory.createBuilder(LettuceConnectionConfiguration.java:172)
	at org.springframework.boot.autoconfigure.data.redis.LettuceConnectionConfiguration.createBuilder(LettuceConnectionConfiguration.java:110)
	at org.springframework.boot.autoconfigure.data.redis.LettuceConnectionConfiguration.getLettuceClientConfiguration(LettuceConnectionConfiguration.java:95)
	at org.springframework.boot.autoconfigure.data.redis.LettuceConnectionConfiguration.redisConnectionFactory(LettuceConnectionConfiguration.java:77)
	at sun.reflect.NativeMethodAccessorImpl.invoke0(Native Method)
	at sun.reflect.NativeMethodAccessorImpl.invoke(NativeMethodAccessorImpl.java:62)
	at sun.reflect.DelegatingMethodAccessorImpl.invoke(DelegatingMethodAccessorImpl.java:43)
	at java.lang.reflect.Method.invoke(Method.java:498)
	at org.springframework.beans.factory.support.SimpleInstantiationStrategy.instantiate(SimpleInstantiationStrategy.java:154)
	... 24 common frames omitted
Caused by: java.lang.ClassNotFoundException: org.apache.commons.pool2.impl.GenericObjectPoolConfig
	at java.net.URLClassLoader.findClass(URLClassLoader.java:387)
	at java.lang.ClassLoader.loadClass(ClassLoader.java:418)
	at sun.misc.Launcher$AppClassLoader.loadClass(Launcher.java:352)
	at java.lang.ClassLoader.loadClass(ClassLoader.java:351)
	... 35 common frames omitted
2024-03-10 20:56:06.504 ERROR s.d.s.readers.operation.OperationHttpMethodReader :52   [32m                  [0;39m Invalid http method: PostValid ones are [[Lorg.springframework.web.bind.annotation.RequestMethod;@347406f6]
java.lang.IllegalArgumentException: No enum constant org.springframework.web.bind.annotation.RequestMethod.Post
	at java.lang.Enum.valueOf(Enum.java:238)
	at org.springframework.web.bind.annotation.RequestMethod.valueOf(RequestMethod.java:35)
	at springfox.documentation.swagger.readers.operation.OperationHttpMethodReader.apply(OperationHttpMethodReader.java:49)
	at springfox.documentation.spring.web.plugins.DocumentationPluginsManager.operation(DocumentationPluginsManager.java:123)
	at springfox.documentation.spring.web.readers.operation.ApiOperationReader.read(ApiOperationReader.java:73)
	at springfox.documentation.spring.web.scanners.CachingOperationReader$1.load(CachingOperationReader.java:50)
	at springfox.documentation.spring.web.scanners.CachingOperationReader$1.load(CachingOperationReader.java:48)
	at com.google.common.cache.LocalCache$LoadingValueReference.loadFuture(LocalCache.java:3527)
	at com.google.common.cache.LocalCache$Segment.loadSync(LocalCache.java:2319)
	at com.google.common.cache.LocalCache$Segment.lockedGetOrLoad(LocalCache.java:2282)
	at com.google.common.cache.LocalCache$Segment.get(LocalCache.java:2197)
	at com.google.common.cache.LocalCache.get(LocalCache.java:3937)
	at com.google.common.cache.LocalCache.getOrLoad(LocalCache.java:3941)
	at com.google.common.cache.LocalCache$LocalLoadingCache.get(LocalCache.java:4824)
	at com.google.common.cache.LocalCache$LocalLoadingCache.getUnchecked(LocalCache.java:4830)
	at springfox.documentation.spring.web.scanners.CachingOperationReader.read(CachingOperationReader.java:57)
	at springfox.documentation.spring.web.scanners.ApiDescriptionReader.read(ApiDescriptionReader.java:66)
	at springfox.documentation.spring.web.scanners.ApiListingScanner.scan(ApiListingScanner.java:89)
	at springfox.documentation.spring.web.scanners.ApiDocumentationScanner.scan(ApiDocumentationScanner.java:70)
	at springfox.documentation.spring.web.plugins.DocumentationPluginsBootstrapper.scanDocumentation(DocumentationPluginsBootstrapper.java:85)
	at springfox.documentation.spring.web.plugins.DocumentationPluginsBootstrapper.start(DocumentationPluginsBootstrapper.java:127)
	at org.springframework.context.support.DefaultLifecycleProcessor.doStart(DefaultLifecycleProcessor.java:178)
	at org.springframework.context.support.DefaultLifecycleProcessor.access$200(DefaultLifecycleProcessor.java:54)
	at org.springframework.context.support.DefaultLifecycleProcessor$LifecycleGroup.start(DefaultLifecycleProcessor.java:356)
	at java.lang.Iterable.forEach(Iterable.java:75)
	at org.springframework.context.support.DefaultLifecycleProcessor.startBeans(DefaultLifecycleProcessor.java:155)
	at org.springframework.context.support.DefaultLifecycleProcessor.onRefresh(DefaultLifecycleProcessor.java:123)
	at org.springframework.context.support.AbstractApplicationContext.finishRefresh(AbstractApplicationContext.java:942)
	at org.springframework.context.support.AbstractApplicationContext.refresh(AbstractApplicationContext.java:591)
	at org.springframework.boot.web.servlet.context.ServletWebServerApplicationContext.refresh(ServletWebServerApplicationContext.java:144)
	at org.springframework.boot.SpringApplication.refresh(SpringApplication.java:767)
	at org.springframework.boot.SpringApplication.refresh(SpringApplication.java:759)
	at org.springframework.boot.SpringApplication.refreshContext(SpringApplication.java:426)
	at org.springframework.boot.SpringApplication.run(SpringApplication.java:326)
	at com.tailai.mywiki.config.MywikiApplication.main(MywikiApplication.java:20)
	at sun.reflect.NativeMethodAccessorImpl.invoke0(Native Method)
	at sun.reflect.NativeMethodAccessorImpl.invoke(NativeMethodAccessorImpl.java:62)
	at sun.reflect.DelegatingMethodAccessorImpl.invoke(DelegatingMethodAccessorImpl.java:43)
	at java.lang.reflect.Method.invoke(Method.java:498)
	at org.springframework.boot.devtools.restart.RestartLauncher.run(RestartLauncher.java:49)
2024-03-10 22:20:37.901 ERROR s.d.s.readers.operation.OperationHttpMethodReader :52   [32m                  [0;39m Invalid http method: PostValid ones are [[Lorg.springframework.web.bind.annotation.RequestMethod;@347406f6]
java.lang.IllegalArgumentException: No enum constant org.springframework.web.bind.annotation.RequestMethod.Post
	at java.lang.Enum.valueOf(Enum.java:238)
	at org.springframework.web.bind.annotation.RequestMethod.valueOf(RequestMethod.java:35)
	at springfox.documentation.swagger.readers.operation.OperationHttpMethodReader.apply(OperationHttpMethodReader.java:49)
	at springfox.documentation.spring.web.plugins.DocumentationPluginsManager.operation(DocumentationPluginsManager.java:123)
	at springfox.documentation.spring.web.readers.operation.ApiOperationReader.read(ApiOperationReader.java:73)
	at springfox.documentation.spring.web.scanners.CachingOperationReader$1.load(CachingOperationReader.java:50)
	at springfox.documentation.spring.web.scanners.CachingOperationReader$1.load(CachingOperationReader.java:48)
	at com.google.common.cache.LocalCache$LoadingValueReference.loadFuture(LocalCache.java:3527)
	at com.google.common.cache.LocalCache$Segment.loadSync(LocalCache.java:2319)
	at com.google.common.cache.LocalCache$Segment.lockedGetOrLoad(LocalCache.java:2282)
	at com.google.common.cache.LocalCache$Segment.get(LocalCache.java:2197)
	at com.google.common.cache.LocalCache.get(LocalCache.java:3937)
	at com.google.common.cache.LocalCache.getOrLoad(LocalCache.java:3941)
	at com.google.common.cache.LocalCache$LocalLoadingCache.get(LocalCache.java:4824)
	at com.google.common.cache.LocalCache$LocalLoadingCache.getUnchecked(LocalCache.java:4830)
	at springfox.documentation.spring.web.scanners.CachingOperationReader.read(CachingOperationReader.java:57)
	at springfox.documentation.spring.web.scanners.ApiDescriptionReader.read(ApiDescriptionReader.java:66)
	at springfox.documentation.spring.web.scanners.ApiListingScanner.scan(ApiListingScanner.java:89)
	at springfox.documentation.spring.web.scanners.ApiDocumentationScanner.scan(ApiDocumentationScanner.java:70)
	at springfox.documentation.spring.web.plugins.DocumentationPluginsBootstrapper.scanDocumentation(DocumentationPluginsBootstrapper.java:85)
	at springfox.documentation.spring.web.plugins.DocumentationPluginsBootstrapper.start(DocumentationPluginsBootstrapper.java:127)
	at org.springframework.context.support.DefaultLifecycleProcessor.doStart(DefaultLifecycleProcessor.java:178)
	at org.springframework.context.support.DefaultLifecycleProcessor.access$200(DefaultLifecycleProcessor.java:54)
	at org.springframework.context.support.DefaultLifecycleProcessor$LifecycleGroup.start(DefaultLifecycleProcessor.java:356)
	at java.lang.Iterable.forEach(Iterable.java:75)
	at org.springframework.context.support.DefaultLifecycleProcessor.startBeans(DefaultLifecycleProcessor.java:155)
	at org.springframework.context.support.DefaultLifecycleProcessor.onRefresh(DefaultLifecycleProcessor.java:123)
	at org.springframework.context.support.AbstractApplicationContext.finishRefresh(AbstractApplicationContext.java:942)
	at org.springframework.context.support.AbstractApplicationContext.refresh(AbstractApplicationContext.java:591)
	at org.springframework.boot.web.servlet.context.ServletWebServerApplicationContext.refresh(ServletWebServerApplicationContext.java:144)
	at org.springframework.boot.SpringApplication.refresh(SpringApplication.java:767)
	at org.springframework.boot.SpringApplication.refresh(SpringApplication.java:759)
	at org.springframework.boot.SpringApplication.refreshContext(SpringApplication.java:426)
	at org.springframework.boot.SpringApplication.run(SpringApplication.java:326)
	at com.tailai.mywiki.config.MywikiApplication.main(MywikiApplication.java:20)
	at sun.reflect.NativeMethodAccessorImpl.invoke0(Native Method)
	at sun.reflect.NativeMethodAccessorImpl.invoke(NativeMethodAccessorImpl.java:62)
	at sun.reflect.DelegatingMethodAccessorImpl.invoke(DelegatingMethodAccessorImpl.java:43)
	at java.lang.reflect.Method.invoke(Method.java:498)
	at org.springframework.boot.devtools.restart.RestartLauncher.run(RestartLauncher.java:49)
