2024-01-22 11:33:03.173 INFO  com.tailai.mywiki.config.MywikiApplication        :55   [32m                  [0;39m Starting MywikiApplication using Java 1.8.0_231 on baotumeimei-3.local with PID 44689 (/Users/lvxueqing/Desktop/mywiki/target/classes started by lvxueqing in /Users/lvxueqing/Desktop/mywiki)
2024-01-22 11:33:03.177 INFO  com.tailai.mywiki.config.MywikiApplication        :660  [32m                  [0;39m No active profile set, falling back to default profiles: default
2024-01-22 11:33:03.253 INFO  o.s.b.d.env.DevToolsPropertyDefaultsPostProcessor :255  [32m                  [0;39m Devtools property defaults active! Set 'spring.devtools.add-properties' to 'false' to disable
2024-01-22 11:33:03.254 INFO  o.s.b.d.env.DevToolsPropertyDefaultsPostProcessor :255  [32m                  [0;39m For additional web related logging consider setting the 'logging.level.web' property to 'DEBUG'
2024-01-22 11:33:04.646 INFO  o.s.boot.web.embedded.tomcat.TomcatWebServer      :108  [32m                  [0;39m Tomcat initialized with port(s): 8888 (http)
2024-01-22 11:33:04.656 INFO  org.apache.coyote.http11.Http11NioProtocol        :173  [32m                  [0;39m Initializing ProtocolHandler ["http-nio-8888"]
2024-01-22 11:33:04.656 INFO  org.apache.catalina.core.StandardService          :173  [32m                  [0;39m Starting service [Tomcat]
2024-01-22 11:33:04.657 INFO  org.apache.catalina.core.StandardEngine           :173  [32m                  [0;39m Starting Servlet engine: [Apache Tomcat/9.0.39]
2024-01-22 11:33:04.716 INFO  o.a.c.core.ContainerBase.[Tomcat].[localhost].[/] :173  [32m                  [0;39m Initializing Spring embedded WebApplicationContext
2024-01-22 11:33:04.716 INFO  o.s.b.w.s.c.ServletWebServerApplicationContext    :289  [32m                  [0;39m Root WebApplicationContext: initialization completed in 1462 ms
2024-01-22 11:33:05.497 INFO  o.s.scheduling.concurrent.ThreadPoolTaskExecutor  :181  [32m                  [0;39m Initializing ExecutorService 'applicationTaskExecutor'
2024-01-22 11:33:05.535 INFO  o.s.b.d.autoconfigure.OptionalLiveReloadServer    :58   [32m                  [0;39m LiveReload server is running on port 35729
2024-01-22 11:33:05.653 INFO  org.apache.coyote.http11.Http11NioProtocol        :173  [32m                  [0;39m Starting ProtocolHandler ["http-nio-8888"]
2024-01-22 11:33:05.677 INFO  o.s.boot.web.embedded.tomcat.TomcatWebServer      :220  [32m                  [0;39m Tomcat started on port(s): 8888 (http) with context path ''
2024-01-22 11:33:05.678 INFO  s.d.s.web.plugins.DocumentationPluginsBootstrapper:120  [32m                  [0;39m Context refreshed
2024-01-22 11:33:05.693 INFO  s.d.s.web.plugins.DocumentationPluginsBootstrapper:123  [32m                  [0;39m Found 1 custom documentation plugin(s)
2024-01-22 11:33:05.704 INFO  s.d.spring.web.scanners.ApiListingReferenceScanner:41   [32m                  [0;39m Scanning for api listing references
2024-01-22 11:33:05.876 INFO  s.d.s.w.r.operation.CachingOperationNameGenerator :40   [32m                  [0;39m Generating unique operation named: helloUsingGET_1
2024-01-22 11:33:05.877 INFO  s.d.s.w.r.operation.CachingOperationNameGenerator :40   [32m                  [0;39m Generating unique operation named: helloUsingGET_2
2024-01-22 11:33:05.878 INFO  s.d.s.w.r.operation.CachingOperationNameGenerator :40   [32m                  [0;39m Generating unique operation named: helloUsingGET_3
2024-01-22 11:33:05.879 INFO  s.d.s.w.r.operation.CachingOperationNameGenerator :40   [32m                  [0;39m Generating unique operation named: helloUsingGET_4
2024-01-22 11:33:05.881 INFO  s.d.s.w.r.operation.CachingOperationNameGenerator :40   [32m                  [0;39m Generating unique operation named: helloUsingGET_5
2024-01-22 11:33:05.882 INFO  s.d.s.w.r.operation.CachingOperationNameGenerator :40   [32m                  [0;39m Generating unique operation named: helloUsingGET_6
2024-01-22 11:33:05.883 INFO  s.d.s.w.r.operation.CachingOperationNameGenerator :40   [32m                  [0;39m Generating unique operation named: helloUsingGET_7
2024-01-22 11:33:05.903 INFO  com.tailai.mywiki.config.MywikiApplication        :61   [32m                  [0;39m Started MywikiApplication in 3.165 seconds (JVM running for 3.882)
2024-01-22 11:33:05.906 INFO  com.tailai.mywiki.config.MywikiApplication        :24   [32m                  [0;39m å¯åŠ¨æˆåŠŸï¼ï¼
2024-01-22 11:33:05.906 INFO  com.tailai.mywiki.config.MywikiApplication        :25   [32m                  [0;39m åœ°å€: 	http://127.0.0.1:8888
2024-01-22 11:33:36.637 INFO  o.a.c.core.ContainerBase.[Tomcat].[localhost].[/] :173  [32m                  [0;39m Initializing Spring DispatcherServlet 'dispatcherServlet'
2024-01-22 11:33:36.640 INFO  org.springframework.web.servlet.DispatcherServlet :525  [32m                  [0;39m Initializing Servlet 'dispatcherServlet'
2024-01-22 11:33:36.652 INFO  org.springframework.web.servlet.DispatcherServlet :547  [32m                  [0;39m Completed initialization in 11 ms
2024-01-22 11:33:36.687 INFO  com.tailai.mywiki.interceptor.LogInterceptor      :23   [32m                  [0;39m ------------- LogInterceptor å¼€å§‹ -------------
2024-01-22 11:33:36.687 INFO  com.tailai.mywiki.interceptor.LogInterceptor      :24   [32m                  [0;39m è¯·æ±‚åœ°å€: http://localhost:8888/book/search GET
2024-01-22 11:33:36.688 INFO  com.tailai.mywiki.interceptor.LogInterceptor      :25   [32m                  [0;39m è¿œç¨‹åœ°å€: 0:0:0:0:0:0:0:1
2024-01-22 11:33:36.738 INFO  com.zaxxer.hikari.HikariDataSource                :110  [32m                  [0;39m HikariPool-1 - Starting...
2024-01-22 11:33:36.989 INFO  com.zaxxer.hikari.HikariDataSource                :123  [32m                  [0;39m HikariPool-1 - Start completed.
2024-01-22 11:33:37.127 INFO  com.tailai.mywiki.interceptor.LogInterceptor      :35   [32m                  [0;39m ------------- LogInterceptor ç»“æŸ è€—æ—¶ï¼š439 ms -------------
2024-01-22 11:41:09.800 INFO  com.tailai.mywiki.interceptor.LogInterceptor      :23   [32m                  [0;39m ------------- LogInterceptor å¼€å§‹ -------------
2024-01-22 11:41:09.803 INFO  com.tailai.mywiki.interceptor.LogInterceptor      :24   [32m                  [0;39m è¯·æ±‚åœ°å€: http://localhost:8888/book/search GET
2024-01-22 11:41:09.804 INFO  com.tailai.mywiki.interceptor.LogInterceptor      :25   [32m                  [0;39m è¿œç¨‹åœ°å€: 0:0:0:0:0:0:0:1
2024-01-22 11:41:09.820 INFO  com.tailai.mywiki.interceptor.LogInterceptor      :35   [32m                  [0;39m ------------- LogInterceptor ç»“æŸ è€—æ—¶ï¼š15 ms -------------
2024-01-22 11:41:14.538 INFO  com.tailai.mywiki.interceptor.LogInterceptor      :23   [32m                  [0;39m ------------- LogInterceptor å¼€å§‹ -------------
2024-01-22 11:41:14.539 INFO  com.tailai.mywiki.interceptor.LogInterceptor      :24   [32m                  [0;39m è¯·æ±‚åœ°å€: http://localhost:8888/book/search GET
2024-01-22 11:41:14.539 INFO  com.tailai.mywiki.interceptor.LogInterceptor      :25   [32m                  [0;39m è¿œç¨‹åœ°å€: 0:0:0:0:0:0:0:1
2024-01-22 11:41:14.543 INFO  com.tailai.mywiki.interceptor.LogInterceptor      :35   [32m                  [0;39m ------------- LogInterceptor ç»“æŸ è€—æ—¶ï¼š4 ms -------------
2024-01-22 12:03:18.298 INFO  com.tailai.mywiki.interceptor.LogInterceptor      :23   [32m                  [0;39m ------------- LogInterceptor å¼€å§‹ -------------
2024-01-22 12:03:18.308 INFO  com.tailai.mywiki.interceptor.LogInterceptor      :24   [32m                  [0;39m è¯·æ±‚åœ°å€: http://localhost:8888/book/search GET
2024-01-22 12:03:18.309 INFO  com.tailai.mywiki.interceptor.LogInterceptor      :25   [32m                  [0;39m è¿œç¨‹åœ°å€: 0:0:0:0:0:0:0:1
2024-01-22 12:03:18.334 INFO  com.tailai.mywiki.interceptor.LogInterceptor      :35   [32m                  [0;39m ------------- LogInterceptor ç»“æŸ è€—æ—¶ï¼š25 ms -------------
2024-01-22 12:04:07.212 INFO  com.tailai.mywiki.interceptor.LogInterceptor      :23   [32m                  [0;39m ------------- LogInterceptor å¼€å§‹ -------------
2024-01-22 12:04:07.213 INFO  com.tailai.mywiki.interceptor.LogInterceptor      :24   [32m                  [0;39m è¯·æ±‚åœ°å€: http://localhost:8888/ebook/search GET
2024-01-22 12:04:07.213 INFO  com.tailai.mywiki.interceptor.LogInterceptor      :25   [32m                  [0;39m è¿œç¨‹åœ°å€: 0:0:0:0:0:0:0:1
2024-01-22 12:04:07.227 INFO  com.tailai.mywiki.interceptor.LogInterceptor      :35   [32m                  [0;39m ------------- LogInterceptor ç»“æŸ è€—æ—¶ï¼š14 ms -------------
2024-01-22 12:04:07.248 INFO  com.tailai.mywiki.interceptor.LogInterceptor      :23   [32m                  [0;39m ------------- LogInterceptor å¼€å§‹ -------------
2024-01-22 12:04:07.248 INFO  com.tailai.mywiki.interceptor.LogInterceptor      :24   [32m                  [0;39m è¯·æ±‚åœ°å€: http://localhost:8888/error GET
2024-01-22 12:04:07.248 INFO  com.tailai.mywiki.interceptor.LogInterceptor      :25   [32m                  [0;39m è¿œç¨‹åœ°å€: 0:0:0:0:0:0:0:1
2024-01-22 12:04:07.299 INFO  com.tailai.mywiki.interceptor.LogInterceptor      :35   [32m                  [0;39m ------------- LogInterceptor ç»“æŸ è€—æ—¶ï¼š50 ms -------------
2024-01-22 12:14:06.024 INFO  com.tailai.mywiki.interceptor.LogInterceptor      :23   [32m                  [0;39m ------------- LogInterceptor å¼€å§‹ -------------
2024-01-22 12:14:06.028 INFO  com.tailai.mywiki.interceptor.LogInterceptor      :24   [32m                  [0;39m è¯·æ±‚åœ°å€: http://localhost:8888/ebook/search GET
2024-01-22 12:14:06.029 INFO  com.tailai.mywiki.interceptor.LogInterceptor      :25   [32m                  [0;39m è¿œç¨‹åœ°å€: 0:0:0:0:0:0:0:1
2024-01-22 12:14:06.040 INFO  com.tailai.mywiki.interceptor.LogInterceptor      :35   [32m                  [0;39m ------------- LogInterceptor ç»“æŸ è€—æ—¶ï¼š11 ms -------------
2024-01-22 12:14:06.043 INFO  com.tailai.mywiki.interceptor.LogInterceptor      :23   [32m                  [0;39m ------------- LogInterceptor å¼€å§‹ -------------
2024-01-22 12:14:06.043 INFO  com.tailai.mywiki.interceptor.LogInterceptor      :24   [32m                  [0;39m è¯·æ±‚åœ°å€: http://localhost:8888/error GET
2024-01-22 12:14:06.043 INFO  com.tailai.mywiki.interceptor.LogInterceptor      :25   [32m                  [0;39m è¿œç¨‹åœ°å€: 0:0:0:0:0:0:0:1
2024-01-22 12:14:06.066 INFO  com.tailai.mywiki.interceptor.LogInterceptor      :35   [32m                  [0;39m ------------- LogInterceptor ç»“æŸ è€—æ—¶ï¼š22 ms -------------
2024-01-22 12:14:08.261 INFO  com.tailai.mywiki.interceptor.LogInterceptor      :23   [32m                  [0;39m ------------- LogInterceptor å¼€å§‹ -------------
2024-01-22 12:14:08.261 INFO  com.tailai.mywiki.interceptor.LogInterceptor      :24   [32m                  [0;39m è¯·æ±‚åœ°å€: http://localhost:8888/ebook/search GET
2024-01-22 12:14:08.262 INFO  com.tailai.mywiki.interceptor.LogInterceptor      :25   [32m                  [0;39m è¿œç¨‹åœ°å€: 0:0:0:0:0:0:0:1
2024-01-22 12:14:08.263 INFO  com.tailai.mywiki.interceptor.LogInterceptor      :35   [32m                  [0;39m ------------- LogInterceptor ç»“æŸ è€—æ—¶ï¼š1 ms -------------
2024-01-22 12:14:08.264 INFO  com.tailai.mywiki.interceptor.LogInterceptor      :23   [32m                  [0;39m ------------- LogInterceptor å¼€å§‹ -------------
2024-01-22 12:14:08.265 INFO  com.tailai.mywiki.interceptor.LogInterceptor      :24   [32m                  [0;39m è¯·æ±‚åœ°å€: http://localhost:8888/error GET
2024-01-22 12:14:08.265 INFO  com.tailai.mywiki.interceptor.LogInterceptor      :25   [32m                  [0;39m è¿œç¨‹åœ°å€: 0:0:0:0:0:0:0:1
2024-01-22 12:14:08.268 INFO  com.tailai.mywiki.interceptor.LogInterceptor      :35   [32m                  [0;39m ------------- LogInterceptor ç»“æŸ è€—æ—¶ï¼š2 ms -------------
2024-01-22 12:14:43.788 INFO  com.tailai.mywiki.interceptor.LogInterceptor      :23   [32m                  [0;39m ------------- LogInterceptor å¼€å§‹ -------------
2024-01-22 12:14:43.797 INFO  com.tailai.mywiki.interceptor.LogInterceptor      :24   [32m                  [0;39m è¯·æ±‚åœ°å€: http://localhost:8888/ebook/search GET
2024-01-22 12:14:43.798 INFO  com.tailai.mywiki.interceptor.LogInterceptor      :25   [32m                  [0;39m è¿œç¨‹åœ°å€: 0:0:0:0:0:0:0:1
2024-01-22 12:14:43.825 INFO  com.tailai.mywiki.interceptor.LogInterceptor      :35   [32m                  [0;39m ------------- LogInterceptor ç»“æŸ è€—æ—¶ï¼š23 ms -------------
2024-01-22 12:14:43.831 INFO  com.tailai.mywiki.interceptor.LogInterceptor      :23   [32m                  [0;39m ------------- LogInterceptor å¼€å§‹ -------------
2024-01-22 12:14:43.831 INFO  com.tailai.mywiki.interceptor.LogInterceptor      :24   [32m                  [0;39m è¯·æ±‚åœ°å€: http://localhost:8888/error GET
2024-01-22 12:14:43.832 INFO  com.tailai.mywiki.interceptor.LogInterceptor      :25   [32m                  [0;39m è¿œç¨‹åœ°å€: 0:0:0:0:0:0:0:1
2024-01-22 12:14:43.852 INFO  com.tailai.mywiki.interceptor.LogInterceptor      :35   [32m                  [0;39m ------------- LogInterceptor ç»“æŸ è€—æ—¶ï¼š20 ms -------------
2024-01-22 12:15:55.720 INFO  com.tailai.mywiki.interceptor.LogInterceptor      :23   [32m                  [0;39m ------------- LogInterceptor å¼€å§‹ -------------
2024-01-22 12:15:55.721 INFO  com.tailai.mywiki.interceptor.LogInterceptor      :24   [32m                  [0;39m è¯·æ±‚åœ°å€: http://localhost:8888/ebook/search GET
2024-01-22 12:15:55.721 INFO  com.tailai.mywiki.interceptor.LogInterceptor      :25   [32m                  [0;39m è¿œç¨‹åœ°å€: 0:0:0:0:0:0:0:1
2024-01-22 12:15:55.722 INFO  com.tailai.mywiki.interceptor.LogInterceptor      :35   [32m                  [0;39m ------------- LogInterceptor ç»“æŸ è€—æ—¶ï¼š1 ms -------------
2024-01-22 12:15:55.724 INFO  com.tailai.mywiki.interceptor.LogInterceptor      :23   [32m                  [0;39m ------------- LogInterceptor å¼€å§‹ -------------
2024-01-22 12:15:55.724 INFO  com.tailai.mywiki.interceptor.LogInterceptor      :24   [32m                  [0;39m è¯·æ±‚åœ°å€: http://localhost:8888/error GET
2024-01-22 12:15:55.724 INFO  com.tailai.mywiki.interceptor.LogInterceptor      :25   [32m                  [0;39m è¿œç¨‹åœ°å€: 0:0:0:0:0:0:0:1
2024-01-22 12:15:55.747 INFO  com.tailai.mywiki.interceptor.LogInterceptor      :35   [32m                  [0;39m ------------- LogInterceptor ç»“æŸ è€—æ—¶ï¼š23 ms -------------
2024-01-22 12:16:17.267 INFO  com.tailai.mywiki.interceptor.LogInterceptor      :23   [32m                  [0;39m ------------- LogInterceptor å¼€å§‹ -------------
2024-01-22 12:16:17.269 INFO  com.tailai.mywiki.interceptor.LogInterceptor      :24   [32m                  [0;39m è¯·æ±‚åœ°å€: http://localhost:8888/ebook/search GET
2024-01-22 12:16:17.271 INFO  com.tailai.mywiki.interceptor.LogInterceptor      :25   [32m                  [0;39m è¿œç¨‹åœ°å€: 0:0:0:0:0:0:0:1
2024-01-22 12:16:17.277 INFO  com.tailai.mywiki.interceptor.LogInterceptor      :35   [32m                  [0;39m ------------- LogInterceptor ç»“æŸ è€—æ—¶ï¼š5 ms -------------
2024-01-22 12:16:17.280 INFO  com.tailai.mywiki.interceptor.LogInterceptor      :23   [32m                  [0;39m ------------- LogInterceptor å¼€å§‹ -------------
2024-01-22 12:16:17.281 INFO  com.tailai.mywiki.interceptor.LogInterceptor      :24   [32m                  [0;39m è¯·æ±‚åœ°å€: http://localhost:8888/error GET
2024-01-22 12:16:17.281 INFO  com.tailai.mywiki.interceptor.LogInterceptor      :25   [32m                  [0;39m è¿œç¨‹åœ°å€: 0:0:0:0:0:0:0:1
2024-01-22 12:16:17.284 INFO  com.tailai.mywiki.interceptor.LogInterceptor      :35   [32m                  [0;39m ------------- LogInterceptor ç»“æŸ è€—æ—¶ï¼š2 ms -------------
2024-01-22 12:16:30.656 INFO  com.tailai.mywiki.interceptor.LogInterceptor      :23   [32m                  [0;39m ------------- LogInterceptor å¼€å§‹ -------------
2024-01-22 12:16:30.657 INFO  com.tailai.mywiki.interceptor.LogInterceptor      :24   [32m                  [0;39m è¯·æ±‚åœ°å€: http://localhost:8888/ebook/search GET
2024-01-22 12:16:30.657 INFO  com.tailai.mywiki.interceptor.LogInterceptor      :25   [32m                  [0;39m è¿œç¨‹åœ°å€: 0:0:0:0:0:0:0:1
2024-01-22 12:16:30.663 INFO  com.tailai.mywiki.interceptor.LogInterceptor      :35   [32m                  [0;39m ------------- LogInterceptor ç»“æŸ è€—æ—¶ï¼š6 ms -------------
2024-01-22 12:16:30.664 INFO  com.tailai.mywiki.interceptor.LogInterceptor      :23   [32m                  [0;39m ------------- LogInterceptor å¼€å§‹ -------------
2024-01-22 12:16:30.665 INFO  com.tailai.mywiki.interceptor.LogInterceptor      :24   [32m                  [0;39m è¯·æ±‚åœ°å€: http://localhost:8888/error GET
2024-01-22 12:16:30.666 INFO  com.tailai.mywiki.interceptor.LogInterceptor      :25   [32m                  [0;39m è¿œç¨‹åœ°å€: 0:0:0:0:0:0:0:1
2024-01-22 12:16:30.670 INFO  com.tailai.mywiki.interceptor.LogInterceptor      :35   [32m                  [0;39m ------------- LogInterceptor ç»“æŸ è€—æ—¶ï¼š3 ms -------------
2024-01-22 12:19:06.955 INFO  com.tailai.mywiki.interceptor.LogInterceptor      :23   [32m                  [0;39m ------------- LogInterceptor å¼€å§‹ -------------
2024-01-22 12:19:06.958 INFO  com.tailai.mywiki.interceptor.LogInterceptor      :24   [32m                  [0;39m è¯·æ±‚åœ°å€: http://localhost:8888/ebook/search GET
2024-01-22 12:19:06.959 INFO  com.tailai.mywiki.interceptor.LogInterceptor      :25   [32m                  [0;39m è¿œç¨‹åœ°å€: 0:0:0:0:0:0:0:1
2024-01-22 12:19:06.964 INFO  com.tailai.mywiki.interceptor.LogInterceptor      :35   [32m                  [0;39m ------------- LogInterceptor ç»“æŸ è€—æ—¶ï¼š3 ms -------------
2024-01-22 12:19:06.966 INFO  com.tailai.mywiki.interceptor.LogInterceptor      :23   [32m                  [0;39m ------------- LogInterceptor å¼€å§‹ -------------
2024-01-22 12:19:06.967 INFO  com.tailai.mywiki.interceptor.LogInterceptor      :24   [32m                  [0;39m è¯·æ±‚åœ°å€: http://localhost:8888/error GET
2024-01-22 12:19:06.968 INFO  com.tailai.mywiki.interceptor.LogInterceptor      :25   [32m                  [0;39m è¿œç¨‹åœ°å€: 0:0:0:0:0:0:0:1
2024-01-22 12:19:06.971 INFO  com.tailai.mywiki.interceptor.LogInterceptor      :35   [32m                  [0;39m ------------- LogInterceptor ç»“æŸ è€—æ—¶ï¼š3 ms -------------
2024-01-22 12:19:11.725 INFO  com.tailai.mywiki.interceptor.LogInterceptor      :23   [32m                  [0;39m ------------- LogInterceptor å¼€å§‹ -------------
2024-01-22 12:19:11.725 INFO  com.tailai.mywiki.interceptor.LogInterceptor      :24   [32m                  [0;39m è¯·æ±‚åœ°å€: http://localhost:8888/ebook/search GET
2024-01-22 12:19:11.725 INFO  com.tailai.mywiki.interceptor.LogInterceptor      :25   [32m                  [0;39m è¿œç¨‹åœ°å€: 0:0:0:0:0:0:0:1
2024-01-22 12:19:11.728 INFO  com.tailai.mywiki.interceptor.LogInterceptor      :35   [32m                  [0;39m ------------- LogInterceptor ç»“æŸ è€—æ—¶ï¼š2 ms -------------
2024-01-22 12:19:11.729 INFO  com.tailai.mywiki.interceptor.LogInterceptor      :23   [32m                  [0;39m ------------- LogInterceptor å¼€å§‹ -------------
2024-01-22 12:19:11.729 INFO  com.tailai.mywiki.interceptor.LogInterceptor      :24   [32m                  [0;39m è¯·æ±‚åœ°å€: http://localhost:8888/error GET
2024-01-22 12:19:11.730 INFO  com.tailai.mywiki.interceptor.LogInterceptor      :25   [32m                  [0;39m è¿œç¨‹åœ°å€: 0:0:0:0:0:0:0:1
2024-01-22 12:19:11.731 INFO  com.tailai.mywiki.interceptor.LogInterceptor      :35   [32m                  [0;39m ------------- LogInterceptor ç»“æŸ è€—æ—¶ï¼š1 ms -------------
2024-01-22 12:20:41.119 INFO  com.tailai.mywiki.interceptor.LogInterceptor      :23   [32m                  [0;39m ------------- LogInterceptor å¼€å§‹ -------------
2024-01-22 12:20:41.120 INFO  com.tailai.mywiki.interceptor.LogInterceptor      :24   [32m                  [0;39m è¯·æ±‚åœ°å€: http://localhost:8888/ebook/search GET
2024-01-22 12:20:41.120 INFO  com.tailai.mywiki.interceptor.LogInterceptor      :25   [32m                  [0;39m è¿œç¨‹åœ°å€: 0:0:0:0:0:0:0:1
2024-01-22 12:20:41.131 INFO  com.tailai.mywiki.interceptor.LogInterceptor      :35   [32m                  [0;39m ------------- LogInterceptor ç»“æŸ è€—æ—¶ï¼š9 ms -------------
2024-01-22 12:20:41.133 INFO  com.tailai.mywiki.interceptor.LogInterceptor      :23   [32m                  [0;39m ------------- LogInterceptor å¼€å§‹ -------------
2024-01-22 12:20:41.134 INFO  com.tailai.mywiki.interceptor.LogInterceptor      :24   [32m                  [0;39m è¯·æ±‚åœ°å€: http://localhost:8888/error GET
2024-01-22 12:20:41.134 INFO  com.tailai.mywiki.interceptor.LogInterceptor      :25   [32m                  [0;39m è¿œç¨‹åœ°å€: 0:0:0:0:0:0:0:1
2024-01-22 12:20:41.137 INFO  com.tailai.mywiki.interceptor.LogInterceptor      :35   [32m                  [0;39m ------------- LogInterceptor ç»“æŸ è€—æ—¶ï¼š2 ms -------------
2024-01-22 12:21:03.282 INFO  com.tailai.mywiki.interceptor.LogInterceptor      :23   [32m                  [0;39m ------------- LogInterceptor å¼€å§‹ -------------
2024-01-22 12:21:03.283 INFO  com.tailai.mywiki.interceptor.LogInterceptor      :24   [32m                  [0;39m è¯·æ±‚åœ°å€: http://localhost:8888/ebook/search GET
2024-01-22 12:21:03.284 INFO  com.tailai.mywiki.interceptor.LogInterceptor      :25   [32m                  [0;39m è¿œç¨‹åœ°å€: 0:0:0:0:0:0:0:1
2024-01-22 12:21:03.288 INFO  com.tailai.mywiki.interceptor.LogInterceptor      :35   [32m                  [0;39m ------------- LogInterceptor ç»“æŸ è€—æ—¶ï¼š4 ms -------------
2024-01-22 12:21:03.289 INFO  com.tailai.mywiki.interceptor.LogInterceptor      :23   [32m                  [0;39m ------------- LogInterceptor å¼€å§‹ -------------
2024-01-22 12:21:03.290 INFO  com.tailai.mywiki.interceptor.LogInterceptor      :24   [32m                  [0;39m è¯·æ±‚åœ°å€: http://localhost:8888/error GET
2024-01-22 12:21:03.291 INFO  com.tailai.mywiki.interceptor.LogInterceptor      :25   [32m                  [0;39m è¿œç¨‹åœ°å€: 0:0:0:0:0:0:0:1
2024-01-22 12:21:03.294 INFO  com.tailai.mywiki.interceptor.LogInterceptor      :35   [32m                  [0;39m ------------- LogInterceptor ç»“æŸ è€—æ—¶ï¼š3 ms -------------
2024-01-22 12:22:09.110 INFO  com.tailai.mywiki.interceptor.LogInterceptor      :23   [32m                  [0;39m ------------- LogInterceptor å¼€å§‹ -------------
2024-01-22 12:22:09.110 INFO  com.tailai.mywiki.interceptor.LogInterceptor      :24   [32m                  [0;39m è¯·æ±‚åœ°å€: http://localhost:8888/ebook/search GET
2024-01-22 12:22:09.111 INFO  com.tailai.mywiki.interceptor.LogInterceptor      :25   [32m                  [0;39m è¿œç¨‹åœ°å€: 0:0:0:0:0:0:0:1
2024-01-22 12:22:09.112 INFO  com.tailai.mywiki.interceptor.LogInterceptor      :35   [32m                  [0;39m ------------- LogInterceptor ç»“æŸ è€—æ—¶ï¼š1 ms -------------
2024-01-22 12:22:09.113 INFO  com.tailai.mywiki.interceptor.LogInterceptor      :23   [32m                  [0;39m ------------- LogInterceptor å¼€å§‹ -------------
2024-01-22 12:22:09.113 INFO  com.tailai.mywiki.interceptor.LogInterceptor      :24   [32m                  [0;39m è¯·æ±‚åœ°å€: http://localhost:8888/error GET
2024-01-22 12:22:09.113 INFO  com.tailai.mywiki.interceptor.LogInterceptor      :25   [32m                  [0;39m è¿œç¨‹åœ°å€: 0:0:0:0:0:0:0:1
2024-01-22 12:22:09.179 INFO  com.tailai.mywiki.interceptor.LogInterceptor      :35   [32m                  [0;39m ------------- LogInterceptor ç»“æŸ è€—æ—¶ï¼š64 ms -------------
2024-01-22 12:22:20.974 INFO  com.tailai.mywiki.interceptor.LogInterceptor      :23   [32m                  [0;39m ------------- LogInterceptor å¼€å§‹ -------------
2024-01-22 12:22:20.974 INFO  com.tailai.mywiki.interceptor.LogInterceptor      :24   [32m                  [0;39m è¯·æ±‚åœ°å€: http://localhost:8888/ebook/search GET
2024-01-22 12:22:20.975 INFO  com.tailai.mywiki.interceptor.LogInterceptor      :25   [32m                  [0;39m è¿œç¨‹åœ°å€: 0:0:0:0:0:0:0:1
2024-01-22 12:22:20.976 INFO  com.tailai.mywiki.interceptor.LogInterceptor      :35   [32m                  [0;39m ------------- LogInterceptor ç»“æŸ è€—æ—¶ï¼š1 ms -------------
2024-01-22 12:22:20.978 INFO  com.tailai.mywiki.interceptor.LogInterceptor      :23   [32m                  [0;39m ------------- LogInterceptor å¼€å§‹ -------------
2024-01-22 12:22:20.978 INFO  com.tailai.mywiki.interceptor.LogInterceptor      :24   [32m                  [0;39m è¯·æ±‚åœ°å€: http://localhost:8888/error GET
2024-01-22 12:22:20.979 INFO  com.tailai.mywiki.interceptor.LogInterceptor      :25   [32m                  [0;39m è¿œç¨‹åœ°å€: 0:0:0:0:0:0:0:1
2024-01-22 12:22:20.994 INFO  com.tailai.mywiki.interceptor.LogInterceptor      :35   [32m                  [0;39m ------------- LogInterceptor ç»“æŸ è€—æ—¶ï¼š15 ms -------------
2024-01-22 12:22:39.840 INFO  com.tailai.mywiki.interceptor.LogInterceptor      :23   [32m                  [0;39m ------------- LogInterceptor å¼€å§‹ -------------
2024-01-22 12:22:39.849 INFO  com.tailai.mywiki.interceptor.LogInterceptor      :24   [32m                  [0;39m è¯·æ±‚åœ°å€: http://localhost:8888/book/search GET
2024-01-22 12:22:39.851 INFO  com.tailai.mywiki.interceptor.LogInterceptor      :25   [32m                  [0;39m è¿œç¨‹åœ°å€: 0:0:0:0:0:0:0:1
2024-01-22 12:22:39.909 INFO  com.tailai.mywiki.interceptor.LogInterceptor      :35   [32m                  [0;39m ------------- LogInterceptor ç»“æŸ è€—æ—¶ï¼š58 ms -------------
2024-01-22 12:22:42.111 INFO  com.tailai.mywiki.interceptor.LogInterceptor      :23   [32m                  [0;39m ------------- LogInterceptor å¼€å§‹ -------------
2024-01-22 12:22:42.112 INFO  com.tailai.mywiki.interceptor.LogInterceptor      :24   [32m                  [0;39m è¯·æ±‚åœ°å€: http://localhost:8888/book/search GET
2024-01-22 12:22:42.112 INFO  com.tailai.mywiki.interceptor.LogInterceptor      :25   [32m                  [0;39m è¿œç¨‹åœ°å€: 0:0:0:0:0:0:0:1
2024-01-22 12:22:42.137 INFO  com.tailai.mywiki.interceptor.LogInterceptor      :35   [32m                  [0;39m ------------- LogInterceptor ç»“æŸ è€—æ—¶ï¼š24 ms -------------
2024-01-22 12:22:46.246 INFO  com.tailai.mywiki.interceptor.LogInterceptor      :23   [32m                  [0;39m ------------- LogInterceptor å¼€å§‹ -------------
2024-01-22 12:22:46.246 INFO  com.tailai.mywiki.interceptor.LogInterceptor      :24   [32m                  [0;39m è¯·æ±‚åœ°å€: http://localhost:8888/book/search GET
2024-01-22 12:22:46.247 INFO  com.tailai.mywiki.interceptor.LogInterceptor      :25   [32m                  [0;39m è¿œç¨‹åœ°å€: 0:0:0:0:0:0:0:1
2024-01-22 12:22:46.251 INFO  com.tailai.mywiki.interceptor.LogInterceptor      :35   [32m                  [0;39m ------------- LogInterceptor ç»“æŸ è€—æ—¶ï¼š4 ms -------------
2024-01-22 12:22:48.158 INFO  com.tailai.mywiki.interceptor.LogInterceptor      :23   [32m                  [0;39m ------------- LogInterceptor å¼€å§‹ -------------
2024-01-22 12:22:48.159 INFO  com.tailai.mywiki.interceptor.LogInterceptor      :24   [32m                  [0;39m è¯·æ±‚åœ°å€: http://localhost:8888/book/search GET
2024-01-22 12:22:48.160 INFO  com.tailai.mywiki.interceptor.LogInterceptor      :25   [32m                  [0;39m è¿œç¨‹åœ°å€: 0:0:0:0:0:0:0:1
2024-01-22 12:22:48.165 INFO  com.tailai.mywiki.interceptor.LogInterceptor      :35   [32m                  [0;39m ------------- LogInterceptor ç»“æŸ è€—æ—¶ï¼š4 ms -------------
2024-01-22 12:23:01.201 INFO  com.tailai.mywiki.interceptor.LogInterceptor      :23   [32m                  [0;39m ------------- LogInterceptor å¼€å§‹ -------------
2024-01-22 12:23:01.217 INFO  com.tailai.mywiki.interceptor.LogInterceptor      :24   [32m                  [0;39m è¯·æ±‚åœ°å€: http://localhost:8888/book/search GET
2024-01-22 12:23:01.218 INFO  com.tailai.mywiki.interceptor.LogInterceptor      :25   [32m                  [0;39m è¿œç¨‹åœ°å€: 0:0:0:0:0:0:0:1
2024-01-22 12:23:01.260 INFO  com.tailai.mywiki.interceptor.LogInterceptor      :35   [32m                  [0;39m ------------- LogInterceptor ç»“æŸ è€—æ—¶ï¼š42 ms -------------
2024-01-22 12:23:02.673 INFO  com.tailai.mywiki.interceptor.LogInterceptor      :23   [32m                  [0;39m ------------- LogInterceptor å¼€å§‹ -------------
2024-01-22 12:23:02.673 INFO  com.tailai.mywiki.interceptor.LogInterceptor      :24   [32m                  [0;39m è¯·æ±‚åœ°å€: http://localhost:8888/book/search GET
2024-01-22 12:23:02.674 INFO  com.tailai.mywiki.interceptor.LogInterceptor      :25   [32m                  [0;39m è¿œç¨‹åœ°å€: 0:0:0:0:0:0:0:1
2024-01-22 12:23:02.690 INFO  com.tailai.mywiki.interceptor.LogInterceptor      :35   [32m                  [0;39m ------------- LogInterceptor ç»“æŸ è€—æ—¶ï¼š12 ms -------------
2024-01-22 12:23:03.608 INFO  com.tailai.mywiki.interceptor.LogInterceptor      :23   [32m                  [0;39m ------------- LogInterceptor å¼€å§‹ -------------
2024-01-22 12:23:03.608 INFO  com.tailai.mywiki.interceptor.LogInterceptor      :24   [32m                  [0;39m è¯·æ±‚åœ°å€: http://localhost:8888/book/search GET
2024-01-22 12:23:03.608 INFO  com.tailai.mywiki.interceptor.LogInterceptor      :25   [32m                  [0;39m è¿œç¨‹åœ°å€: 0:0:0:0:0:0:0:1
2024-01-22 12:23:03.613 INFO  com.tailai.mywiki.interceptor.LogInterceptor      :35   [32m                  [0;39m ------------- LogInterceptor ç»“æŸ è€—æ—¶ï¼š3 ms -------------
2024-01-22 12:23:04.306 INFO  com.tailai.mywiki.interceptor.LogInterceptor      :23   [32m                  [0;39m ------------- LogInterceptor å¼€å§‹ -------------
2024-01-22 12:23:04.306 INFO  com.tailai.mywiki.interceptor.LogInterceptor      :24   [32m                  [0;39m è¯·æ±‚åœ°å€: http://localhost:8888/book/search GET
2024-01-22 12:23:04.306 INFO  com.tailai.mywiki.interceptor.LogInterceptor      :25   [32m                  [0;39m è¿œç¨‹åœ°å€: 0:0:0:0:0:0:0:1
2024-01-22 12:23:04.310 INFO  com.tailai.mywiki.interceptor.LogInterceptor      :35   [32m                  [0;39m ------------- LogInterceptor ç»“æŸ è€—æ—¶ï¼š4 ms -------------
2024-01-22 12:23:29.252 INFO  com.tailai.mywiki.interceptor.LogInterceptor      :23   [32m                  [0;39m ------------- LogInterceptor å¼€å§‹ -------------
2024-01-22 12:23:29.260 INFO  com.tailai.mywiki.interceptor.LogInterceptor      :24   [32m                  [0;39m è¯·æ±‚åœ°å€: http://localhost:8888/book/search GET
2024-01-22 12:23:29.262 INFO  com.tailai.mywiki.interceptor.LogInterceptor      :25   [32m                  [0;39m è¿œç¨‹åœ°å€: 0:0:0:0:0:0:0:1
2024-01-22 12:23:29.277 INFO  com.tailai.mywiki.interceptor.LogInterceptor      :35   [32m                  [0;39m ------------- LogInterceptor ç»“æŸ è€—æ—¶ï¼š14 ms -------------
2024-01-22 12:23:31.903 INFO  com.tailai.mywiki.interceptor.LogInterceptor      :23   [32m                  [0;39m ------------- LogInterceptor å¼€å§‹ -------------
2024-01-22 12:23:31.904 INFO  com.tailai.mywiki.interceptor.LogInterceptor      :24   [32m                  [0;39m è¯·æ±‚åœ°å€: http://localhost:8888/book/search GET
2024-01-22 12:23:31.904 INFO  com.tailai.mywiki.interceptor.LogInterceptor      :25   [32m                  [0;39m è¿œç¨‹åœ°å€: 0:0:0:0:0:0:0:1
2024-01-22 12:23:31.910 INFO  com.tailai.mywiki.interceptor.LogInterceptor      :35   [32m                  [0;39m ------------- LogInterceptor ç»“æŸ è€—æ—¶ï¼š6 ms -------------
2024-01-22 12:23:47.333 INFO  com.tailai.mywiki.interceptor.LogInterceptor      :23   [32m                  [0;39m ------------- LogInterceptor å¼€å§‹ -------------
2024-01-22 12:23:47.334 INFO  com.tailai.mywiki.interceptor.LogInterceptor      :24   [32m                  [0;39m è¯·æ±‚åœ°å€: http://localhost:8888/book/search GET
2024-01-22 12:23:47.335 INFO  com.tailai.mywiki.interceptor.LogInterceptor      :25   [32m                  [0;39m è¿œç¨‹åœ°å€: 0:0:0:0:0:0:0:1
2024-01-22 12:23:47.341 INFO  com.tailai.mywiki.interceptor.LogInterceptor      :35   [32m                  [0;39m ------------- LogInterceptor ç»“æŸ è€—æ—¶ï¼š5 ms -------------
2024-01-22 12:24:44.353 INFO  com.tailai.mywiki.interceptor.LogInterceptor      :23   [32m                  [0;39m ------------- LogInterceptor å¼€å§‹ -------------
2024-01-22 12:24:44.361 INFO  com.tailai.mywiki.interceptor.LogInterceptor      :24   [32m                  [0;39m è¯·æ±‚åœ°å€: http://localhost:8888/book/search GET
2024-01-22 12:24:44.362 INFO  com.tailai.mywiki.interceptor.LogInterceptor      :25   [32m                  [0;39m è¿œç¨‹åœ°å€: 0:0:0:0:0:0:0:1
2024-01-22 12:24:44.401 INFO  com.tailai.mywiki.interceptor.LogInterceptor      :35   [32m                  [0;39m ------------- LogInterceptor ç»“æŸ è€—æ—¶ï¼š38 ms -------------
2024-01-22 12:24:47.315 INFO  com.tailai.mywiki.interceptor.LogInterceptor      :23   [32m                  [0;39m ------------- LogInterceptor å¼€å§‹ -------------
2024-01-22 12:24:47.316 INFO  com.tailai.mywiki.interceptor.LogInterceptor      :24   [32m                  [0;39m è¯·æ±‚åœ°å€: http://localhost:8888/book/search GET
2024-01-22 12:24:47.317 INFO  com.tailai.mywiki.interceptor.LogInterceptor      :25   [32m                  [0;39m è¿œç¨‹åœ°å€: 0:0:0:0:0:0:0:1
2024-01-22 12:24:47.322 INFO  com.tailai.mywiki.interceptor.LogInterceptor      :35   [32m                  [0;39m ------------- LogInterceptor ç»“æŸ è€—æ—¶ï¼š5 ms -------------
2024-01-22 12:24:48.142 INFO  com.tailai.mywiki.interceptor.LogInterceptor      :23   [32m                  [0;39m ------------- LogInterceptor å¼€å§‹ -------------
2024-01-22 12:24:48.142 INFO  com.tailai.mywiki.interceptor.LogInterceptor      :24   [32m                  [0;39m è¯·æ±‚åœ°å€: http://localhost:8888/book/search GET
2024-01-22 12:24:48.144 INFO  com.tailai.mywiki.interceptor.LogInterceptor      :25   [32m                  [0;39m è¿œç¨‹åœ°å€: 0:0:0:0:0:0:0:1
2024-01-22 12:24:48.147 INFO  com.tailai.mywiki.interceptor.LogInterceptor      :35   [32m                  [0;39m ------------- LogInterceptor ç»“æŸ è€—æ—¶ï¼š2 ms -------------
2024-01-22 12:26:24.306 INFO  com.tailai.mywiki.interceptor.LogInterceptor      :23   [32m                  [0;39m ------------- LogInterceptor å¼€å§‹ -------------
2024-01-22 12:26:24.313 INFO  com.tailai.mywiki.interceptor.LogInterceptor      :24   [32m                  [0;39m è¯·æ±‚åœ°å€: http://localhost:8888/book/search GET
2024-01-22 12:26:24.314 INFO  com.tailai.mywiki.interceptor.LogInterceptor      :25   [32m                  [0;39m è¿œç¨‹åœ°å€: 0:0:0:0:0:0:0:1
2024-01-22 12:26:24.364 INFO  com.tailai.mywiki.interceptor.LogInterceptor      :35   [32m                  [0;39m ------------- LogInterceptor ç»“æŸ è€—æ—¶ï¼š47 ms -------------
2024-01-22 12:26:27.154 INFO  com.tailai.mywiki.interceptor.LogInterceptor      :23   [32m                  [0;39m ------------- LogInterceptor å¼€å§‹ -------------
2024-01-22 12:26:27.154 INFO  com.tailai.mywiki.interceptor.LogInterceptor      :24   [32m                  [0;39m è¯·æ±‚åœ°å€: http://localhost:8888/book/search GET
2024-01-22 12:26:27.156 INFO  com.tailai.mywiki.interceptor.LogInterceptor      :25   [32m                  [0;39m è¿œç¨‹åœ°å€: 0:0:0:0:0:0:0:1
2024-01-22 12:26:27.161 INFO  com.tailai.mywiki.interceptor.LogInterceptor      :35   [32m                  [0;39m ------------- LogInterceptor ç»“æŸ è€—æ—¶ï¼š4 ms -------------
2024-01-22 12:26:28.496 INFO  com.tailai.mywiki.interceptor.LogInterceptor      :23   [32m                  [0;39m ------------- LogInterceptor å¼€å§‹ -------------
2024-01-22 12:26:28.498 INFO  com.tailai.mywiki.interceptor.LogInterceptor      :24   [32m                  [0;39m è¯·æ±‚åœ°å€: http://localhost:8888/book/search GET
2024-01-22 12:26:28.498 INFO  com.tailai.mywiki.interceptor.LogInterceptor      :25   [32m                  [0;39m è¿œç¨‹åœ°å€: 0:0:0:0:0:0:0:1
2024-01-22 12:26:28.503 INFO  com.tailai.mywiki.interceptor.LogInterceptor      :35   [32m                  [0;39m ------------- LogInterceptor ç»“æŸ è€—æ—¶ï¼š5 ms -------------
2024-01-22 12:27:07.429 INFO  com.tailai.mywiki.interceptor.LogInterceptor      :23   [32m                  [0;39m ------------- LogInterceptor å¼€å§‹ -------------
2024-01-22 12:27:07.430 INFO  com.tailai.mywiki.interceptor.LogInterceptor      :24   [32m                  [0;39m è¯·æ±‚åœ°å€: http://localhost:8888/book/search GET
2024-01-22 12:27:07.431 INFO  com.tailai.mywiki.interceptor.LogInterceptor      :25   [32m                  [0;39m è¿œç¨‹åœ°å€: 0:0:0:0:0:0:0:1
2024-01-22 12:27:07.435 INFO  com.tailai.mywiki.interceptor.LogInterceptor      :35   [32m                  [0;39m ------------- LogInterceptor ç»“æŸ è€—æ—¶ï¼š4 ms -------------
2024-01-22 12:28:21.838 INFO  com.tailai.mywiki.interceptor.LogInterceptor      :23   [32m                  [0;39m ------------- LogInterceptor å¼€å§‹ -------------
2024-01-22 12:28:21.846 INFO  com.tailai.mywiki.interceptor.LogInterceptor      :24   [32m                  [0;39m è¯·æ±‚åœ°å€: http://localhost:8888/book/search GET
2024-01-22 12:28:21.847 INFO  com.tailai.mywiki.interceptor.LogInterceptor      :25   [32m                  [0;39m è¿œç¨‹åœ°å€: 0:0:0:0:0:0:0:1
2024-01-22 12:28:21.880 INFO  com.tailai.mywiki.interceptor.LogInterceptor      :35   [32m                  [0;39m ------------- LogInterceptor ç»“æŸ è€—æ—¶ï¼š32 ms -------------
2024-01-22 12:28:23.713 INFO  com.tailai.mywiki.interceptor.LogInterceptor      :23   [32m                  [0;39m ------------- LogInterceptor å¼€å§‹ -------------
2024-01-22 12:28:23.714 INFO  com.tailai.mywiki.interceptor.LogInterceptor      :24   [32m                  [0;39m è¯·æ±‚åœ°å€: http://localhost:8888/book/search GET
2024-01-22 12:28:23.714 INFO  com.tailai.mywiki.interceptor.LogInterceptor      :25   [32m                  [0;39m è¿œç¨‹åœ°å€: 0:0:0:0:0:0:0:1
2024-01-22 12:28:23.717 INFO  com.tailai.mywiki.interceptor.LogInterceptor      :35   [32m                  [0;39m ------------- LogInterceptor ç»“æŸ è€—æ—¶ï¼š3 ms -------------
2024-01-22 12:29:10.664 INFO  com.tailai.mywiki.interceptor.LogInterceptor      :23   [32m                  [0;39m ------------- LogInterceptor å¼€å§‹ -------------
2024-01-22 12:29:10.665 INFO  com.tailai.mywiki.interceptor.LogInterceptor      :24   [32m                  [0;39m è¯·æ±‚åœ°å€: http://localhost:8888/book/search GET
2024-01-22 12:29:10.665 INFO  com.tailai.mywiki.interceptor.LogInterceptor      :25   [32m                  [0;39m è¿œç¨‹åœ°å€: 0:0:0:0:0:0:0:1
2024-01-22 12:29:10.670 INFO  com.tailai.mywiki.interceptor.LogInterceptor      :35   [32m                  [0;39m ------------- LogInterceptor ç»“æŸ è€—æ—¶ï¼š4 ms -------------
2024-01-22 12:29:23.712 INFO  com.tailai.mywiki.interceptor.LogInterceptor      :23   [32m                  [0;39m ------------- LogInterceptor å¼€å§‹ -------------
2024-01-22 12:29:23.713 INFO  com.tailai.mywiki.interceptor.LogInterceptor      :24   [32m                  [0;39m è¯·æ±‚åœ°å€: http://localhost:8888/book/search GET
2024-01-22 12:29:23.713 INFO  com.tailai.mywiki.interceptor.LogInterceptor      :25   [32m                  [0;39m è¿œç¨‹åœ°å€: 0:0:0:0:0:0:0:1
2024-01-22 12:29:23.716 INFO  com.tailai.mywiki.interceptor.LogInterceptor      :35   [32m                  [0;39m ------------- LogInterceptor ç»“æŸ è€—æ—¶ï¼š3 ms -------------
2024-01-22 12:29:25.607 INFO  com.tailai.mywiki.interceptor.LogInterceptor      :23   [32m                  [0;39m ------------- LogInterceptor å¼€å§‹ -------------
2024-01-22 12:29:25.607 INFO  com.tailai.mywiki.interceptor.LogInterceptor      :24   [32m                  [0;39m è¯·æ±‚åœ°å€: http://localhost:8888/book/search GET
2024-01-22 12:29:25.608 INFO  com.tailai.mywiki.interceptor.LogInterceptor      :25   [32m                  [0;39m è¿œç¨‹åœ°å€: 0:0:0:0:0:0:0:1
2024-01-22 12:29:25.612 INFO  com.tailai.mywiki.interceptor.LogInterceptor      :35   [32m                  [0;39m ------------- LogInterceptor ç»“æŸ è€—æ—¶ï¼š3 ms -------------
2024-01-22 12:31:08.987 INFO  com.tailai.mywiki.interceptor.LogInterceptor      :23   [32m                  [0;39m ------------- LogInterceptor å¼€å§‹ -------------
2024-01-22 12:31:08.994 INFO  com.tailai.mywiki.interceptor.LogInterceptor      :24   [32m                  [0;39m è¯·æ±‚åœ°å€: http://localhost:8888/book/search GET
2024-01-22 12:31:08.995 INFO  com.tailai.mywiki.interceptor.LogInterceptor      :25   [32m                  [0;39m è¿œç¨‹åœ°å€: 0:0:0:0:0:0:0:1
2024-01-22 12:31:09.019 INFO  com.tailai.mywiki.interceptor.LogInterceptor      :35   [32m                  [0;39m ------------- LogInterceptor ç»“æŸ è€—æ—¶ï¼š24 ms -------------
2024-01-22 12:31:10.901 INFO  com.tailai.mywiki.interceptor.LogInterceptor      :23   [32m                  [0;39m ------------- LogInterceptor å¼€å§‹ -------------
2024-01-22 12:31:10.901 INFO  com.tailai.mywiki.interceptor.LogInterceptor      :24   [32m                  [0;39m è¯·æ±‚åœ°å€: http://localhost:8888/book/search GET
2024-01-22 12:31:10.902 INFO  com.tailai.mywiki.interceptor.LogInterceptor      :25   [32m                  [0;39m è¿œç¨‹åœ°å€: 0:0:0:0:0:0:0:1
2024-01-22 12:31:10.905 INFO  com.tailai.mywiki.interceptor.LogInterceptor      :35   [32m                  [0;39m ------------- LogInterceptor ç»“æŸ è€—æ—¶ï¼š3 ms -------------
2024-01-22 12:34:02.946 INFO  com.tailai.mywiki.interceptor.LogInterceptor      :23   [32m                  [0;39m ------------- LogInterceptor å¼€å§‹ -------------
2024-01-22 12:34:02.952 INFO  com.tailai.mywiki.interceptor.LogInterceptor      :24   [32m                  [0;39m è¯·æ±‚åœ°å€: http://localhost:8888/book/search GET
2024-01-22 12:34:02.953 INFO  com.tailai.mywiki.interceptor.LogInterceptor      :25   [32m                  [0;39m è¿œç¨‹åœ°å€: 0:0:0:0:0:0:0:1
2024-01-22 12:34:02.979 INFO  com.tailai.mywiki.interceptor.LogInterceptor      :35   [32m                  [0;39m ------------- LogInterceptor ç»“æŸ è€—æ—¶ï¼š26 ms -------------
2024-01-22 12:34:04.848 INFO  com.tailai.mywiki.interceptor.LogInterceptor      :23   [32m                  [0;39m ------------- LogInterceptor å¼€å§‹ -------------
2024-01-22 12:34:04.850 INFO  com.tailai.mywiki.interceptor.LogInterceptor      :24   [32m                  [0;39m è¯·æ±‚åœ°å€: http://localhost:8888/book/search GET
2024-01-22 12:34:04.851 INFO  com.tailai.mywiki.interceptor.LogInterceptor      :25   [32m                  [0;39m è¿œç¨‹åœ°å€: 0:0:0:0:0:0:0:1
2024-01-22 12:34:04.857 INFO  com.tailai.mywiki.interceptor.LogInterceptor      :35   [32m                  [0;39m ------------- LogInterceptor ç»“æŸ è€—æ—¶ï¼š6 ms -------------
2024-01-22 12:34:43.285 INFO  com.tailai.mywiki.interceptor.LogInterceptor      :23   [32m                  [0;39m ------------- LogInterceptor å¼€å§‹ -------------
2024-01-22 12:34:43.291 INFO  com.tailai.mywiki.interceptor.LogInterceptor      :24   [32m                  [0;39m è¯·æ±‚åœ°å€: http://localhost:8888/book/search GET
2024-01-22 12:34:43.291 INFO  com.tailai.mywiki.interceptor.LogInterceptor      :25   [32m                  [0;39m è¿œç¨‹åœ°å€: 0:0:0:0:0:0:0:1
2024-01-22 12:34:43.310 INFO  com.tailai.mywiki.interceptor.LogInterceptor      :35   [32m                  [0;39m ------------- LogInterceptor ç»“æŸ è€—æ—¶ï¼š17 ms -------------
2024-01-22 12:35:05.592 INFO  com.tailai.mywiki.interceptor.LogInterceptor      :23   [32m                  [0;39m ------------- LogInterceptor å¼€å§‹ -------------
2024-01-22 12:35:05.595 INFO  com.tailai.mywiki.interceptor.LogInterceptor      :24   [32m                  [0;39m è¯·æ±‚åœ°å€: http://localhost:8888/book/search GET
2024-01-22 12:35:05.596 INFO  com.tailai.mywiki.interceptor.LogInterceptor      :25   [32m                  [0;39m è¿œç¨‹åœ°å€: 0:0:0:0:0:0:0:1
2024-01-22 12:35:05.604 INFO  com.tailai.mywiki.interceptor.LogInterceptor      :35   [32m                  [0;39m ------------- LogInterceptor ç»“æŸ è€—æ—¶ï¼š7 ms -------------
2024-01-22 12:36:09.372 INFO  com.tailai.mywiki.interceptor.LogInterceptor      :23   [32m                  [0;39m ------------- LogInterceptor å¼€å§‹ -------------
2024-01-22 12:36:09.377 INFO  com.tailai.mywiki.interceptor.LogInterceptor      :24   [32m                  [0;39m è¯·æ±‚åœ°å€: http://localhost:8888/book/search GET
2024-01-22 12:36:09.378 INFO  com.tailai.mywiki.interceptor.LogInterceptor      :25   [32m                  [0;39m è¿œç¨‹åœ°å€: 0:0:0:0:0:0:0:1
2024-01-22 12:36:09.394 INFO  com.tailai.mywiki.interceptor.LogInterceptor      :35   [32m                  [0;39m ------------- LogInterceptor ç»“æŸ è€—æ—¶ï¼š16 ms -------------
2024-01-22 12:36:16.440 INFO  com.tailai.mywiki.interceptor.LogInterceptor      :23   [32m                  [0;39m ------------- LogInterceptor å¼€å§‹ -------------
2024-01-22 12:36:16.441 INFO  com.tailai.mywiki.interceptor.LogInterceptor      :24   [32m                  [0;39m è¯·æ±‚åœ°å€: http://localhost:8888/book/search GET
2024-01-22 12:36:16.441 INFO  com.tailai.mywiki.interceptor.LogInterceptor      :25   [32m                  [0;39m è¿œç¨‹åœ°å€: 0:0:0:0:0:0:0:1
2024-01-22 12:36:16.447 INFO  com.tailai.mywiki.interceptor.LogInterceptor      :35   [32m                  [0;39m ------------- LogInterceptor ç»“æŸ è€—æ—¶ï¼š5 ms -------------
